
Showing logs for build [32mmadamowicz-environment-jx-rocks-sb25c-1[0m stage [32mfrom-build-pack[0m and container [32mstep-credential-initializer-jtwp5[0m
{"level":"warn","ts":1575369144.338718,"logger":"fallback-logger","caller":"logging/config.go:69","msg":"Fetch GitHub commit ID from kodata failed: \"ref: refs/heads/master\" is not a valid GitHub commit ID"}
{"level":"info","ts":1575369144.3395844,"logger":"fallback-logger","caller":"creds-init/main.go:40","msg":"Credentials initialized."}

Showing logs for build [32mmadamowicz-environment-jx-rocks-sb25c-1[0m stage [32mfrom-build-pack[0m and container [32mstep-working-dir-initializer-2k5zf[0m
{"level":"warn","ts":1575369145.3009055,"logger":"fallback-logger","caller":"logging/config.go:69","msg":"Fetch GitHub commit ID from kodata failed: open /var/run/ko/HEAD: no such file or directory"}
{"level":"info","ts":1575369145.302113,"logger":"fallback-logger","caller":"bash/main.go:65","msg":"Successfully executed command \"mkdir -p /workspace/source\""}

Showing logs for build [32mmadamowicz-environment-jx-rocks-sb25c-1[0m stage [32mfrom-build-pack[0m and container [32mstep-place-tools[0m

Showing logs for build [32mmadamowicz-environment-jx-rocks-sb25c-1[0m stage [32mfrom-build-pack[0m and container [32mstep-git-source-madamowicz-environment-jx-rocks-77bgg[0m
{"level":"warn","ts":1575369151.3473878,"logger":"fallback-logger","caller":"logging/config.go:69","msg":"Fetch GitHub commit ID from kodata failed: \"ref: refs/heads/master\" is not a valid GitHub commit ID"}
{"level":"info","ts":1575369151.5651586,"logger":"fallback-logger","caller":"git/git.go:102","msg":"Successfully cloned https://github.com/**********/environment-jx-rocks-staging.git @ v0.0.1 in path /workspace/source"}

Showing logs for build [32mmadamowicz-environment-jx-rocks-sb25c-1[0m stage [32mfrom-build-pack[0m and container [32mstep-git-merge[0m
Using SHAs from PULL_REFS=master:839c11b2763d854181e6b5c19762cc532ebc44e6
WARNING: no SHAs to merge, falling back to initial cloned commit

Showing logs for build [32mmadamowicz-environment-jx-rocks-sb25c-1[0m stage [32mfrom-build-pack[0m and container [32mstep-setup-jx-git-credentials[0m
Generated Git credentials file /builder/home/git/credentials

Showing logs for build [32mmadamowicz-environment-jx-rocks-sb25c-1[0m stage [32mfrom-build-pack[0m and container [32mstep-build-helm-apply[0m
Modified file /workspace/source/env/Chart.yaml to set the chart to version 1
Cloning the Jenkins X versions repo https://github.com/jenkins-x/jenkins-x-versions.git with ref refs/heads/master to /builder/home/.jx/jenkins-x-versions
Ignoring templates/.gitignore
Ignoring templates/wildcardcert-secret.yaml
WARNING: No $CHART_REPOSITORY defined so using the default value of: http://jenkins-x-chartmuseum:8080
Adding missing Helm repo: storage.googleapis.com https://storage.googleapis.com/chartmuseum.jenkins-x.io
Successfully added Helm repository storage.googleapis.com.
Adding missing Helm repo: jenkins-x-chartmuseum http://jenkins-x-chartmuseum:8080
Successfully added Helm repository jenkins-x-chartmuseum.
WARNING: No $CHART_REPOSITORY defined so using the default value of: http://jenkins-x-chartmuseum:8080
Adding missing Helm repo: chartmuseum.jenkins-x.io http://chartmuseum.jenkins-x.io
Successfully added Helm repository chartmuseum.jenkins-x.io.


