
Showing logs for build [32mmadamowicz-environment-jx-rocks-1[0m stage [32mfrom-build-pack[0m and container [32mstep-credential-initializer-zxn5p[0m
{"level":"warn","ts":1575369059.122407,"logger":"fallback-logger","caller":"logging/config.go:69","msg":"Fetch GitHub commit ID from kodata failed: \"ref: refs/heads/master\" is not a valid GitHub commit ID"}
{"level":"info","ts":1575369059.1230197,"logger":"fallback-logger","caller":"creds-init/main.go:40","msg":"Credentials initialized."}

Showing logs for build [32mmadamowicz-environment-jx-rocks-1[0m stage [32mfrom-build-pack[0m and container [32mstep-working-dir-initializer-gfpfq[0m
{"level":"warn","ts":1575369060.1520083,"logger":"fallback-logger","caller":"logging/config.go:69","msg":"Fetch GitHub commit ID from kodata failed: open /var/run/ko/HEAD: no such file or directory"}
{"level":"info","ts":1575369060.153546,"logger":"fallback-logger","caller":"bash/main.go:65","msg":"Successfully executed command \"mkdir -p /workspace/source\""}

Showing logs for build [32mmadamowicz-environment-jx-rocks-1[0m stage [32mfrom-build-pack[0m and container [32mstep-place-tools[0m

Showing logs for build [32mmadamowicz-environment-jx-rocks-1[0m stage [32mfrom-build-pack[0m and container [32mstep-git-source-madamowicz-environment-jx-rocks-z5zcr[0m
{"level":"warn","ts":1575369084.2161252,"logger":"fallback-logger","caller":"logging/config.go:69","msg":"Fetch GitHub commit ID from kodata failed: \"ref: refs/heads/master\" is not a valid GitHub commit ID"}
{"level":"info","ts":1575369084.4366693,"logger":"fallback-logger","caller":"git/git.go:102","msg":"Successfully cloned https://github.com/**********/environment-jx-rocks-staging.git @ master in path /workspace/source"}

Showing logs for build [32mmadamowicz-environment-jx-rocks-1[0m stage [32mfrom-build-pack[0m and container [32mstep-git-merge[0m
Using SHAs from PULL_REFS=master:14dbcc6539be030f3ec20e83b84821a985d6e27f,1:79b7d6767ee74656ac0a1ced44f14e64c33ec355
DEBUG: ran git fetch --unshallow origin 79b7d6767ee74656ac0a1ced44f14e64c33ec355: 14dbcc6539be030f3ec20e83b84821a985d6e27f: in 
DEBUG: ran git checkout master in 
DEBUG: ran git reset --hard 14dbcc6539be030f3ec20e83b84821a985d6e27f in 
DEBUG: ran clean --force -d . in 
DEBUG: ran git merge 79b7d6767ee74656ac0a1ced44f14e64c33ec355 in 
Merged SHA 79b7d6767ee74656ac0a1ced44f14e64c33ec355 with commit message 'chore: Promote jx-go to version 0.0.1' into base branch master

Showing logs for build [32mmadamowicz-environment-jx-rocks-1[0m stage [32mfrom-build-pack[0m and container [32mstep-build-helm-build[0m
WARNING: No $CHART_REPOSITORY defined so using the default value of: http://jenkins-x-chartmuseum:8080
Adding missing Helm repo: storage.googleapis.com https://storage.googleapis.com/chartmuseum.jenkins-x.io
Successfully added Helm repository storage.googleapis.com.
Adding missing Helm repo: jenkins-x-chartmuseum http://jenkins-x-chartmuseum:8080
Successfully added Helm repository jenkins-x-chartmuseum.
WARNING: No $CHART_REPOSITORY defined so using the default value of: http://jenkins-x-chartmuseum:8080
Adding missing Helm repo: chartmuseum.jenkins-x.io http://chartmuseum.jenkins-x.io
Successfully added Helm repository chartmuseum.jenkins-x.io.
