
Showing logs for build [32mmadamowicz-environment-jx-rocks-7t5pc-1[0m stage [32mfrom-build-pack[0m and container [32mstep-credential-initializer-rx9dj[0m
{"level":"warn","ts":1575372069.5703022,"logger":"fallback-logger","caller":"logging/config.go:69","msg":"Fetch GitHub commit ID from kodata failed: \"ref: refs/heads/master\" is not a valid GitHub commit ID"}
{"level":"info","ts":1575372069.5706758,"logger":"fallback-logger","caller":"creds-init/main.go:40","msg":"Credentials initialized."}

Showing logs for build [32mmadamowicz-environment-jx-rocks-7t5pc-1[0m stage [32mfrom-build-pack[0m and container [32mstep-working-dir-initializer-v48bh[0m
{"level":"warn","ts":1575372069.9724436,"logger":"fallback-logger","caller":"logging/config.go:69","msg":"Fetch GitHub commit ID from kodata failed: open /var/run/ko/HEAD: no such file or directory"}
{"level":"info","ts":1575372069.9735422,"logger":"fallback-logger","caller":"bash/main.go:65","msg":"Successfully executed command \"mkdir -p /workspace/source\""}

Showing logs for build [32mmadamowicz-environment-jx-rocks-7t5pc-1[0m stage [32mfrom-build-pack[0m and container [32mstep-place-tools[0m

Showing logs for build [32mmadamowicz-environment-jx-rocks-7t5pc-1[0m stage [32mfrom-build-pack[0m and container [32mstep-git-source-madamowicz-environment-jx-rocks-lrmqn[0m
{"level":"warn","ts":1575372092.06202,"logger":"fallback-logger","caller":"logging/config.go:69","msg":"Fetch GitHub commit ID from kodata failed: \"ref: refs/heads/master\" is not a valid GitHub commit ID"}
{"level":"info","ts":1575372092.294761,"logger":"fallback-logger","caller":"git/git.go:102","msg":"Successfully cloned https://github.com/**********/environment-jx-rocks-staging.git @ master in path /workspace/source"}

Showing logs for build [32mmadamowicz-environment-jx-rocks-7t5pc-1[0m stage [32mfrom-build-pack[0m and container [32mstep-git-merge[0m
Using SHAs from PULL_REFS=master:839c11b2763d854181e6b5c19762cc532ebc44e6,2:b45efa43778ba0d7b522f594a2c2d0334af233a3
DEBUG: ran git fetch --unshallow origin b45efa43778ba0d7b522f594a2c2d0334af233a3: 839c11b2763d854181e6b5c19762cc532ebc44e6: in 
DEBUG: ran git checkout master in 
DEBUG: ran git reset --hard 839c11b2763d854181e6b5c19762cc532ebc44e6 in 
DEBUG: ran clean --force -d . in 
DEBUG: ran git merge b45efa43778ba0d7b522f594a2c2d0334af233a3 in 
Merged SHA b45efa43778ba0d7b522f594a2c2d0334af233a3 with commit message 'chore: Promote go-demo-6 to version 1.0.458' into base branch master

Showing logs for build [32mmadamowicz-environment-jx-rocks-7t5pc-1[0m stage [32mfrom-build-pack[0m and container [32mstep-build-helm-build[0m
WARNING: No $CHART_REPOSITORY defined so using the default value of: http://jenkins-x-chartmuseum:8080
Adding missing Helm repo: storage.googleapis.com https://storage.googleapis.com/chartmuseum.jenkins-x.io
Successfully added Helm repository storage.googleapis.com.
Adding missing Helm repo: jenkins-x-chartmuseum http://jenkins-x-chartmuseum:8080
Successfully added Helm repository jenkins-x-chartmuseum.
WARNING: No $CHART_REPOSITORY defined so using the default value of: http://jenkins-x-chartmuseum:8080
Adding missing Helm repo: chartmuseum.jenkins-x.io http://chartmuseum.jenkins-x.io
Successfully added Helm repository chartmuseum.jenkins-x.io.
